# JRE version: Java(TM) SE Runtime Environment (8.0_181-b13) (build 1.8.0_181-b13)
# Java VM: Java HotSpot(TM) 64-Bit Server VM (25.181-b13 mixed mode windows-amd64 compressed oops)
Heap:
 PSYoungGen      total 198656K, used 43371K [0x00000000eab00000, 0x00000000fe680000, 0x0000000100000000)
  eden space 148992K, 5% used [0x00000000eab00000,0x00000000eb294730,0x00000000f3c80000)
  from space 49664K, 71% used [0x00000000f8300000,0x00000000fa5c6878,0x00000000fb380000)
  to   space 72192K, 0% used [0x00000000f3c80000,0x00000000f3c80000,0x00000000f8300000)
 ParOldGen       total 268288K, used 197751K [0x00000000c0000000, 0x00000000d0600000, 0x00000000eab00000)
  object space 268288K, 73% used [0x00000000c0000000,0x00000000cc11dd00,0x00000000d0600000)
 Metaspace       used 6710K, capacity 7320K, committed 7680K, reserved 1056768K
  class space    used 637K, capacity 656K, committed 768K, reserved 1048576K
GC Heap History (10 events):
Event: 5.311 GC heap before
{Heap before GC invocations=11 (full 3):
 PSYoungGen      total 138240K, used 138239K [0x00000000eab00000, 0x00000000f9200000, 0x0000000100000000)
  eden space 133120K, 100% used [0x00000000eab00000,0x00000000f2d00000,0x00000000f2d00000)
  from space 5120K, 99% used [0x00000000f2d00000,0x00000000f31ffe58,0x00000000f3200000)
  to   space 41984K, 0% used [0x00000000f6900000,0x00000000f6900000,0x00000000f9200000)
 ParOldGen       total 268288K, used 119624K [0x00000000c0000000, 0x00000000d0600000, 0x00000000eab00000)
  object space 268288K, 44% used [0x00000000c0000000,0x00000000c74d20c8,0x00000000d0600000)
 Metaspace       used 6698K, capacity 7256K, committed 7424K, reserved 1056768K
  class space    used 637K, capacity 656K, committed 768K, reserved 1048576K
Event: 5.368 GC heap after
Heap after GC invocations=11 (full 3):
 PSYoungGen      total 195072K, used 25442K [0x00000000eab00000, 0x00000000f9500000, 0x0000000100000000)
  eden space 153088K, 0% used [0x00000000eab00000,0x00000000eab00000,0x00000000f4080000)
  from space 41984K, 60% used [0x00000000f6900000,0x00000000f81d89e8,0x00000000f9200000)
  to   space 41472K, 0% used [0x00000000f4080000,0x00000000f4080000,0x00000000f6900000)
 ParOldGen       total 268288K, used 119624K [0x00000000c0000000, 0x00000000d0600000, 0x00000000eab00000)
  object space 268288K, 44% used [0x00000000c0000000,0x00000000c74d20c8,0x00000000d0600000)
 Metaspace       used 6698K, capacity 7256K, committed 7424K, reserved 1056768K
  class space    used 637K, capacity 656K, committed 768K, reserved 1048576K
}
Event: 5.842 GC heap before
{Heap before GC invocations=12 (full 3):
 PSYoungGen      total 195072K, used 178530K [0x00000000eab00000, 0x00000000f9500000, 0x0000000100000000)
  eden space 153088K, 100% used [0x00000000eab00000,0x00000000f4080000,0x00000000f4080000)
  from space 41984K, 60% used [0x00000000f6900000,0x00000000f81d89e8,0x00000000f9200000)
  to   space 41472K, 0% used [0x00000000f4080000,0x00000000f4080000,0x00000000f6900000)
 ParOldGen       total 268288K, used 119624K [0x00000000c0000000, 0x00000000d0600000, 0x00000000eab00000)
  object space 268288K, 44% used [0x00000000c0000000,0x00000000c74d20c8,0x00000000d0600000)
 Metaspace       used 6701K, capacity 7320K, committed 7680K, reserved 1056768K
  class space    used 637K, capacity 656K, committed 768K, reserved 1048576K
Event: 5.900 GC heap after
Heap after GC invocations=12 (full 3):
 PSYoungGen      total 194560K, used 41447K [0x00000000eab00000, 0x00000000fb380000, 0x0000000100000000)
  eden space 153088K, 0% used [0x00000000eab00000,0x00000000eab00000,0x00000000f4080000)
  from space 41472K, 99% used [0x00000000f4080000,0x00000000f68f9ce0,0x00000000f6900000)
  to   space 49664K, 0% used [0x00000000f8300000,0x00000000f8300000,0x00000000fb380000)
 ParOldGen       total 268288K, used 124884K [0x00000000c0000000, 0x00000000d0600000, 0x00000000eab00000)
  object space 268288K, 46% used [0x00000000c0000000,0x00000000c79f5340,0x00000000d0600000)
 Metaspace       used 6701K, capacity 7320K, committed 7680K, reserved 1056768K
  class space    used 637K, capacity 656K, committed 768K, reserved 1048576K
}
Event: 6.482 GC heap before
{Heap before GC invocations=13 (full 3):
 PSYoungGen      total 194560K, used 194535K [0x00000000eab00000, 0x00000000fb380000, 0x0000000100000000)
  eden space 153088K, 100% used [0x00000000eab00000,0x00000000f4080000,0x00000000f4080000)
  from space 41472K, 99% used [0x00000000f4080000,0x00000000f68f9ce0,0x00000000f6900000)
  to   space 49664K, 0% used [0x00000000f8300000,0x00000000f8300000,0x00000000fb380000)
 ParOldGen       total 268288K, used 124884K [0x00000000c0000000, 0x00000000d0600000, 0x00000000eab00000)
  object space 268288K, 46% used [0x00000000c0000000,0x00000000c79f5340,0x00000000d0600000)
 Metaspace       used 6705K, capacity 7320K, committed 7680K, reserved 1056768K
  class space    used 637K, capacity 656K, committed 768K, reserved 1048576K
Event: 6.545 GC heap after
Heap after GC invocations=13 (full 3):
 PSYoungGen      total 202752K, used 49645K [0x00000000eab00000, 0x00000000fb380000, 0x0000000100000000)
  eden space 153088K, 0% used [0x00000000eab00000,0x00000000eab00000,0x00000000f4080000)
  from space 49664K, 99% used [0x00000000f8300000,0x00000000fb37b6b0,0x00000000fb380000)
  to   space 41472K, 0% used [0x00000000f4080000,0x00000000f4080000,0x00000000f6900000)
 ParOldGen       total 268288K, used 140086K [0x00000000c0000000, 0x00000000d0600000, 0x00000000eab00000)
  object space 268288K, 52% used [0x00000000c0000000,0x00000000c88cdb50,0x00000000d0600000)
 Metaspace       used 6705K, capacity 7320K, committed 7680K, reserved 1056768K
  class space    used 637K, capacity 656K, committed 768K, reserved 1048576K
}
Event: 6.983 GC heap before
{Heap before GC invocations=14 (full 3):
 PSYoungGen      total 202752K, used 202733K [0x00000000eab00000, 0x00000000fb380000, 0x0000000100000000)
  eden space 153088K, 100% used [0x00000000eab00000,0x00000000f4080000,0x00000000f4080000)
  from space 49664K, 99% used [0x00000000f8300000,0x00000000fb37b6b0,0x00000000fb380000)
  to   space 41472K, 0% used [0x00000000f4080000,0x00000000f4080000,0x00000000f6900000)
 ParOldGen       total 268288K, used 140086K [0x00000000c0000000, 0x00000000d0600000, 0x00000000eab00000)
  object space 268288K, 52% used [0x00000000c0000000,0x00000000c88cdb50,0x00000000d0600000)
 Metaspace       used 6707K, capacity 7320K, committed 7680K, reserved 1056768K
  class space    used 637K, capacity 656K, committed 768K, reserved 1048576K
Event: 7.080 GC heap after
Heap after GC invocations=14 (full 3):
 PSYoungGen      total 194560K, used 41468K [0x00000000eab00000, 0x00000000fb380000, 0x0000000100000000)
  eden space 153088K, 0% used [0x00000000eab00000,0x00000000eab00000,0x00000000f4080000)
  from space 41472K, 99% used [0x00000000f4080000,0x00000000f68ff2b0,0x00000000f6900000)
  to   space 49664K, 0% used [0x00000000f8300000,0x00000000f8300000,0x00000000fb380000)
 ParOldGen       total 268288K, used 171059K [0x00000000c0000000, 0x00000000d0600000, 0x00000000eab00000)
  object space 268288K, 63% used [0x00000000c0000000,0x00000000ca70cf08,0x00000000d0600000)
 Metaspace       used 6707K, capacity 7320K, committed 7680K, reserved 1056768K
  class space    used 637K, capacity 656K, committed 768K, reserved 1048576K
}
Event: 7.527 GC heap before
{Heap before GC invocations=15 (full 3):
 PSYoungGen      total 194560K, used 194556K [0x00000000eab00000, 0x00000000fb380000, 0x0000000100000000)
  eden space 153088K, 100% used [0x00000000eab00000,0x00000000f4080000,0x00000000f4080000)
  from space 41472K, 99% used [0x00000000f4080000,0x00000000f68ff2b0,0x00000000f6900000)
  to   space 49664K, 0% used [0x00000000f8300000,0x00000000f8300000,0x00000000fb380000)
 ParOldGen       total 268288K, used 171059K [0x00000000c0000000, 0x00000000d0600000, 0x00000000eab00000)
  object space 268288K, 63% used [0x00000000c0000000,0x00000000ca70cf08,0x00000000d0600000)
 Metaspace       used 6710K, capacity 7320K, committed 7680K, reserved 1056768K
  class space    used 637K, capacity 656K, committed 768K, reserved 1048576K
Event: 7.607 GC heap after
Heap after GC invocations=15 (full 3):
 PSYoungGen      total 198656K, used 35610K [0x00000000eab00000, 0x00000000fe680000, 0x0000000100000000)
  eden space 148992K, 0% used [0x00000000eab00000,0x00000000eab00000,0x00000000f3c80000)
  from space 49664K, 71% used [0x00000000f8300000,0x00000000fa5c6878,0x00000000fb380000)
  to   space 72192K, 0% used [0x00000000f3c80000,0x00000000f3c80000,0x00000000f8300000)
 ParOldGen       total 268288K, used 197751K [0x00000000c0000000, 0x00000000d0600000, 0x00000000eab00000)
  object space 268288K, 73% used [0x00000000c0000000,0x00000000cc11dd00,0x00000000d0600000)
 Metaspace       used 6710K, capacity 7320K, committed 7680K, reserved 1056768K
  class space    used 637K, capacity 656K, committed 768K, reserved 1048576K
}

